\BOOKMARK [1][-]{Doc-Start}{\376\377\000A\000B\000S\000T\000R\000A\000C\000T}{}% 1
\BOOKMARK [1][-]{section*.2}{\376\377\000T\000A\000B\000L\000E\000\040\000O\000F\000\040\000C\000O\000N\000T\000E\000N\000T\000S}{}% 2
\BOOKMARK [1][-]{section*.3}{\376\377\000L\000I\000S\000T\000\040\000O\000F\000\040\000F\000I\000G\000U\000R\000E\000S}{}% 3
\BOOKMARK [1][-]{section.1}{\376\377\000I\000N\000T\000R\000O\000D\000U\000C\000T\000I\000O\000N}{}% 4
\BOOKMARK [2][-]{subsection.1.1}{\376\377\000B\000a\000c\000k\000g\000r\000o\000u\000n\000d}{section.1}% 5
\BOOKMARK [2][-]{subsection.1.2}{\376\377\000P\000r\000o\000b\000l\000e\000m\000\040\000S\000t\000a\000t\000e\000m\000e\000n\000t}{section.1}% 6
\BOOKMARK [2][-]{subsection.1.3}{\376\377\000S\000c\000o\000p\000e}{section.1}% 7
\BOOKMARK [2][-]{subsection.1.4}{\376\377\000O\000b\000j\000e\000c\000t\000i\000v\000e}{section.1}% 8
\BOOKMARK [1][-]{section.2}{\376\377\000L\000I\000T\000E\000R\000A\000T\000U\000R\000E\000\040\000R\000E\000V\000I\000E\000W}{}% 9
\BOOKMARK [2][-]{subsection.2.1}{\376\377\000E\000x\000i\000s\000t\000i\000n\000g}{section.2}% 10
\BOOKMARK [2][-]{subsection.2.2}{\376\377\000P\000r\000o\000p\000o\000s\000e\000d}{section.2}% 11
\BOOKMARK [1][-]{section.3}{\376\377\000F\000E\000A\000S\000I\000B\000I\000L\000I\000T\000Y\000\040\000S\000T\000U\000D\000Y}{}% 12
\BOOKMARK [2][-]{subsection.3.1}{\376\377\000E\000c\000o\000n\000o\000m\000i\000c\000\040\000F\000e\000a\000s\000i\000b\000i\000l\000i\000t\000y}{section.3}% 13
\BOOKMARK [2][-]{subsection.3.2}{\376\377\000O\000p\000e\000r\000a\000t\000i\000o\000n\000a\000l\000\040\000F\000e\000a\000s\000i\000b\000i\000l\000i\000t\000y}{section.3}% 14
\BOOKMARK [2][-]{subsection.3.3}{\376\377\000T\000e\000c\000h\000n\000i\000c\000a\000l\000\040\000F\000e\000a\000s\000i\000b\000i\000l\000i\000t\000y}{section.3}% 15
\BOOKMARK [1][-]{section.4}{\376\377\000M\000E\000T\000H\000O\000D\000O\000L\000O\000G\000Y}{}% 16
\BOOKMARK [2][-]{subsubsection.4.0.1}{\376\377\000S\000o\000f\000t\000w\000a\000r\000e\000\040\000D\000e\000v\000e\000l\000o\000p\000m\000e\000n\000t\000\040\000L\000i\000f\000e\000\040\000C\000y\000c\000l\000e}{section.4}% 17
\BOOKMARK [3][-]{subsubsection.4.0.2}{\376\377\000S\000y\000s\000t\000e\000m\000\040\000D\000e\000v\000e\000l\000o\000p\000m\000e\000n\000t\000\040\000T\000o\000o\000l\000s}{subsubsection.4.0.1}% 18
\BOOKMARK [1][-]{section.5}{\376\377\000S\000Y\000S\000T\000E\000M\000\040\000D\000E\000S\000I\000G\000N\000\040\000A\000N\000D\000\040\000A\000R\000C\000H\000I\000T\000E\000C\000T\000U\000R\000E}{}% 19
\BOOKMARK [2][-]{subsection.5.1}{\376\377\000S\000y\000s\000t\000e\000m\000\040\000O\000v\000e\000r\000v\000i\000e\000w}{section.5}% 20
\BOOKMARK [2][-]{subsection.5.2}{\376\377\000U\000s\000e\000\040\000C\000a\000s\000e\000\040\000D\000i\000a\000g\000r\000a\000m}{section.5}% 21
\BOOKMARK [2][-]{subsection.5.3}{\376\377\000D\000a\000t\000a\000\040\000F\000l\000o\000w\000\040\000D\000i\000a\000g\000r\000a\000m}{section.5}% 22
\BOOKMARK [2][-]{subsection.5.4}{\376\377\000A\000c\000t\000i\000v\000i\000t\000y\000\040\000D\000i\000a\000g\000r\000a\000m}{section.5}% 23
\BOOKMARK [2][-]{subsection.5.5}{\376\377\000S\000e\000q\000u\000e\000n\000c\000e\000\040\000D\000i\000a\000g\000r\000a\000m}{section.5}% 24
\BOOKMARK [2][-]{subsection.5.6}{\376\377\000C\000l\000a\000s\000s\000\040\000D\000i\000a\000g\000r\000a\000m}{section.5}% 25
\BOOKMARK [2][-]{subsection.5.7}{\376\377\000E\000n\000t\000i\000t\000y\000\040\000R\000e\000l\000a\000t\000i\000o\000n\000s\000h\000i\000p\000\040\000D\000i\000a\000g\000r\000a\000m}{section.5}% 26
\BOOKMARK [1][-]{figure.9}{\376\377\000E\000X\000P\000E\000C\000T\000E\000D\000\040\000O\000U\000T\000C\000O\000M\000E\000S}{}% 27
\BOOKMARK [1][-]{section*.5}{\376\377\000R\000E\000F\000E\000R\000E\000N\000C\000E\000S}{}% 28
